<?xml version="1.0" encoding="UTF-8"?>
<!-- Generated by org.testng.reporters.JUnitReportReporter -->
<testsuite skipped="0" hostname="bluepi-HP-EliteBook-840-G1" name="com.abp_android.test.AbpHomeTest" tests="1" failures="0" timestamp="15 Feb 2019 11:32:53 GMT" time="120.149" errors="0">
  <testcase name="fMethod" time="120.149" classname="com.abp_android.test.AbpHomeTest"/>
</testsuite> <!-- com.abp_android.test.AbpHomeTest -->
